<?xml version="1.0" encoding="UTF-8"?>
<!-- Generated by org.testng.reporters.JUnitXMLReporter -->
<testsuite hostname="LAPTOP-D2GVCL39" ignored="0" name="Default test" tests="3" failures="0" timestamp="2022-10-01T11:18:50 IST" time="0.062" errors="0">
  <testcase name="verifyUserCanSendEmail" time="0.015" classname="priority.PriorityClass2"/>
  <testcase name="verifyUserCanNotLoginWithInvalidUserNameAndValidPassword" time="0.016" classname="priority.PriorityClass2"/>
  <testcase name="verifyUserCanLoginWithValidCredentials" time="0.0" classname="priority.PriorityClass2"/>
</testsuite> <!-- Default test -->
