<?xml version="1.0" encoding="UTF-8"?>
<!-- Generated by org.testng.reporters.JUnitXMLReporter -->
<testsuite hostname="LAPTOP-D2GVCL39" ignored="0" name="Default test" tests="2" failures="0" timestamp="2022-09-28T09:02:11 IST" time="0.055" errors="0">
  <testcase name="verifyUserCanLoginWithValidCredentials" time="0.004" classname="annotations.AnnotationsClass"/>
  <testcase name="verifyUserCanNotLoginWithInvalidUserNameAndValidPassword" time="0.002" classname="annotations.AnnotationsClass"/>
</testsuite> <!-- Default test -->
