<?xml version="1.0" encoding="UTF-8"?>
<!-- Generated by org.testng.reporters.JUnitXMLReporter -->
<testsuite hostname="LAPTOP-D2GVCL39" ignored="4" name="Regression" tests="4" failures="0" timestamp="2022-10-01T09:25:22 IST" time="0.062" errors="0">
  <testcase name="verifyProductCanBeAddedInCart" time="0.016" classname="annotations.AnnotationsClass2"/>
  <testcase name="verifyUserCanCheckOutAfterProductAddedInCart" time="0.0" classname="annotations.AnnotationsClass2"/>
  <testcase name="verifyUserCanLoginWithValidCredentials" time="0.0" classname="annotations.AnnotationsClass"/>
  <testcase name="verifyUserCanNotLoginWithInvalidUserNameAndValidPassword" time="0.0" classname="annotations.AnnotationsClass"/>
  <testcase name="@AfterTest afterTest" time="0.0" classname="annotations.TestBase">
    <ignored/>
  </testcase> <!-- @AfterTest afterTest -->
  <testcase name="@AfterSuite afterSuite" time="0.0" classname="annotations.TestBase">
    <ignored/>
  </testcase> <!-- @AfterSuite afterSuite -->
  <testcase name="@BeforeTest beforeTest" time="0.0" classname="annotations.TestBase">
    <ignored/>
  </testcase> <!-- @BeforeTest beforeTest -->
  <testcase name="@BeforeSuite beforeSuite" time="0.0" classname="annotations.TestBase">
    <ignored/>
  </testcase> <!-- @BeforeSuite beforeSuite -->
</testsuite> <!-- Regression -->
