<?xml version="1.0" encoding="UTF-8"?>
<testng-results skipped="0" failed="0" ignored="0" total="3" passed="3">
  <reporter-output>
  </reporter-output>
  <suite name="Default suite" duration-ms="62" started-at="2022-10-01T11:18:50 IST" finished-at="2022-10-01T11:18:50 IST">
    <groups>
    </groups>
    <test name="Default test" duration-ms="62" started-at="2022-10-01T11:18:50 IST" finished-at="2022-10-01T11:18:50 IST">
      <class name="priority.PriorityClass2">
        <test-method status="PASS" signature="verifyUserCanSendEmail()[pri:3, instance:priority.PriorityClass2@1c3a4799]" name="verifyUserCanSendEmail" duration-ms="15" started-at="2022-10-01T11:18:50 IST" finished-at="2022-10-01T11:18:50 IST">
          <reporter-output>
          </reporter-output>
        </test-method> <!-- verifyUserCanSendEmail -->
        <test-method status="PASS" signature="verifyUserCanNotLoginWithInvalidUserNameAndValidPassword()[pri:10, instance:priority.PriorityClass2@1c3a4799]" name="verifyUserCanNotLoginWithInvalidUserNameAndValidPassword" duration-ms="16" started-at="2022-10-01T11:18:50 IST" finished-at="2022-10-01T11:18:50 IST">
          <reporter-output>
          </reporter-output>
        </test-method> <!-- verifyUserCanNotLoginWithInvalidUserNameAndValidPassword -->
        <test-method status="PASS" signature="verifyUserCanLoginWithValidCredentials()[pri:1, instance:priority.PriorityClass2@1c3a4799]" name="verifyUserCanLoginWithValidCredentials" duration-ms="0" started-at="2022-10-01T11:18:50 IST" depends-on-methods="priority.PriorityClass2.verifyUserCanNotLoginWithInvalidUserNameAndValidPassword" finished-at="2022-10-01T11:18:50 IST">
          <reporter-output>
          </reporter-output>
        </test-method> <!-- verifyUserCanLoginWithValidCredentials -->
      </class> <!-- priority.PriorityClass2 -->
    </test> <!-- Default test -->
  </suite> <!-- Default suite -->
</testng-results>
